[20:45:49] [main/INFO]: Environment: authHost='https://authserver.mojang.com', accountsHost='https://api.mojang.com', sessionHost='https://sessionserver.mojang.com', servicesHost='https://api.minecraftservices.com', name='PROD'
[20:45:49] [main/INFO]: Found new data pack file/bukkit, loading it automatically
[20:45:49] [main/INFO]: Reloading ResourceManager: Default, bukkit
[20:45:50] [Worker-Main-4/INFO]: Loaded 7 recipes
[20:45:51] [Server thread/INFO]: Starting minecraft server version 1.16.5
[20:45:51] [Server thread/INFO]: Loading properties
[20:45:51] [Server thread/INFO]: This server is running Paper version git-Paper-545 (MC: 1.16.5) (Implementing API version 1.16.5-R0.1-SNAPSHOT)
[20:45:51] [Server thread/INFO]: Debug logging is disabled
[20:45:51] [Server thread/INFO]: Server Ping Player Sample Count: 12
[20:45:51] [Server thread/INFO]: Using 4 threads for Netty based IO
[20:45:51] [Server thread/INFO]: Default game type: SURVIVAL
[20:45:51] [Server thread/INFO]: Generating keypair
[20:45:51] [Server thread/INFO]: Starting Minecraft server on *:25565
[20:45:51] [Server thread/INFO]: Using epoll channel type
[20:45:51] [Server thread/INFO]: Preparing level "world"
[20:45:54] [Server thread/WARN]: Unable to find spawn biome
[20:45:54] [Server thread/WARN]: Unable to find spawn biome
[20:45:55] [Server thread/INFO]: Preparing start region for dimension minecraft:overworld
[20:45:55] [Server thread/INFO]: Loaded 0 spawn chunks for world world
[20:45:55] [Worker-Main-4/INFO]: Preparing spawn area: 0%
[20:45:55] [Server thread/INFO]: Time elapsed: 357 ms
[20:45:55] [Server thread/INFO]: Preparing start region for dimension minecraft:the_nether
[20:45:55] [Server thread/INFO]: Loaded 0 spawn chunks for world world_nether
[20:45:55] [Worker-Main-2/INFO]: Preparing spawn area: 0%
[20:45:55] [Worker-Main-6/INFO]: Preparing spawn area: 0%
[20:45:55] [Server thread/INFO]: Time elapsed: 501 ms
[20:45:55] [Server thread/INFO]: Preparing start region for dimension minecraft:the_end
[20:45:56] [Server thread/INFO]: Loaded 0 spawn chunks for world world_the_end
[20:45:56] [Worker-Main-1/INFO]: Preparing spawn area: 0%
[20:45:56] [Worker-Main-2/INFO]: Preparing spawn area: 0%
[20:45:56] [Server thread/INFO]: Time elapsed: 548 ms
[20:45:56] [Server thread/INFO]: Running delayed init tasks
[20:45:56] [Server thread/INFO]: Done (5.369s)! For help, type "help"
[20:45:56] [Server thread/INFO]: Timings Reset
[20:46:03] [Server thread/INFO]: Plugins (0): 
[20:46:04] [Server thread/INFO]: Stopping server
[20:46:04] [Server thread/INFO]: Saving players
[20:46:04] [Server thread/INFO]: Saving worlds
[20:46:04] [Server thread/INFO]: Saving chunks for level 'ServerLevel[world]'/minecraft:overworld
[20:46:09] [Server thread/INFO]: ThreadedAnvilChunkStorage (world): All chunks are saved
[20:46:09] [Server thread/INFO]: Saving chunks for level 'ServerLevel[world_nether]'/minecraft:the_nether
[20:46:11] [Server thread/INFO]: ThreadedAnvilChunkStorage (DIM-1): All chunks are saved
[20:46:11] [Server thread/INFO]: Saving chunks for level 'ServerLevel[world_the_end]'/minecraft:the_end
[20:46:11] [Server thread/INFO]: ThreadedAnvilChunkStorage (DIM1): All chunks are saved
[20:46:11] [Server thread/INFO]: ThreadedAnvilChunkStorage (world): All chunks are saved
[20:46:11] [Server thread/INFO]: ThreadedAnvilChunkStorage (DIM-1): All chunks are saved
[20:46:11] [Server thread/INFO]: ThreadedAnvilChunkStorage (DIM1): All chunks are saved
[20:46:11] [Server thread/INFO]: Flushing Chunk IO
[20:46:11] [Server thread/INFO]: Closing Thread Pool
[20:46:11] [Server thread/INFO]: Closing Server
